# JRE version: OpenJDK Runtime Environment (8.0_202-b03) (build 1.8.0_202-release-1483-b03)
# Java VM: OpenJDK 64-Bit Server VM (25.202-b03 mixed mode windows-amd64 compressed oops)
Heap:
 PSYoungGen      total 160768K, used 106280K [0x00000000d5580000, 0x00000000e0900000, 0x0000000100000000)
  eden space 142848K, 62% used [0x00000000d5580000,0x00000000dac44530,0x00000000de100000)
  from space 17920K, 97% used [0x00000000de500000,0x00000000df605eb8,0x00000000df680000)
  to   space 18944K, 0% used [0x00000000df680000,0x00000000df680000,0x00000000e0900000)
 ParOldGen       total 141312K, used 35255K [0x0000000080000000, 0x0000000088a00000, 0x00000000d5580000)
  object space 141312K, 24% used [0x0000000080000000,0x000000008226dca8,0x0000000088a00000)
 Metaspace       used 74657K, capacity 77164K, committed 77528K, reserved 1116160K
  class space    used 9873K, capacity 10408K, committed 10496K, reserved 1048576K
GC Heap History (10 events):
Event: 14.270 GC heap before
{Heap before GC invocations=12 (full 2):
 PSYoungGen      total 104448K, used 93696K [0x00000000d5580000, 0x00000000de080000, 0x0000000100000000)
  eden space 93696K, 100% used [0x00000000d5580000,0x00000000db100000,0x00000000db100000)
  from space 10752K, 0% used [0x00000000db100000,0x00000000db100000,0x00000000dbb80000)
  to   space 12288K, 0% used [0x00000000dd480000,0x00000000dd480000,0x00000000de080000)
 ParOldGen       total 94720K, used 18313K [0x0000000080000000, 0x0000000085c80000, 0x00000000d5580000)
  object space 94720K, 19% used [0x0000000080000000,0x00000000811e2400,0x0000000085c80000)
 Metaspace       used 44630K, capacity 45490K, committed 45656K, reserved 1089536K
  class space    used 5989K, capacity 6233K, committed 6272K, reserved 1048576K
Event: 14.283 GC heap after
Heap after GC invocations=12 (full 2):
 PSYoungGen      total 128000K, used 12257K [0x00000000d5580000, 0x00000000de600000, 0x0000000100000000)
  eden space 115712K, 0% used [0x00000000d5580000,0x00000000d5580000,0x00000000dc680000)
  from space 12288K, 99% used [0x00000000dd480000,0x00000000de078740,0x00000000de080000)
  to   space 14336K, 0% used [0x00000000dc680000,0x00000000dc680000,0x00000000dd480000)
 ParOldGen       total 94720K, used 20062K [0x0000000080000000, 0x0000000085c80000, 0x00000000d5580000)
  object space 94720K, 21% used [0x0000000080000000,0x0000000081397a60,0x0000000085c80000)
 Metaspace       used 44630K, capacity 45490K, committed 45656K, reserved 1089536K
  class space    used 5989K, capacity 6233K, committed 6272K, reserved 1048576K
}
Event: 16.563 GC heap before
{Heap before GC invocations=13 (full 2):
 PSYoungGen      total 128000K, used 127969K [0x00000000d5580000, 0x00000000de600000, 0x0000000100000000)
  eden space 115712K, 100% used [0x00000000d5580000,0x00000000dc680000,0x00000000dc680000)
  from space 12288K, 99% used [0x00000000dd480000,0x00000000de078740,0x00000000de080000)
  to   space 14336K, 0% used [0x00000000dc680000,0x00000000dc680000,0x00000000dd480000)
 ParOldGen       total 94720K, used 20062K [0x0000000080000000, 0x0000000085c80000, 0x00000000d5580000)
  object space 94720K, 21% used [0x0000000080000000,0x0000000081397a60,0x0000000085c80000)
 Metaspace       used 51622K, capacity 52922K, committed 53208K, reserved 1095680K
  class space    used 6991K, capacity 7371K, committed 7424K, reserved 1048576K
Event: 16.582 GC heap after
Heap after GC invocations=13 (full 2):
 PSYoungGen      total 130048K, used 14310K [0x00000000d5580000, 0x00000000e0800000, 0x0000000100000000)
  eden space 115712K, 0% used [0x00000000d5580000,0x00000000d5580000,0x00000000dc680000)
  from space 14336K, 99% used [0x00000000dc680000,0x00000000dd479970,0x00000000dd480000)
  to   space 17408K, 0% used [0x00000000df700000,0x00000000df700000,0x00000000e0800000)
 ParOldGen       total 94720K, used 23590K [0x0000000080000000, 0x0000000085c80000, 0x00000000d5580000)
  object space 94720K, 24% used [0x0000000080000000,0x0000000081709a10,0x0000000085c80000)
 Metaspace       used 51622K, capacity 52922K, committed 53208K, reserved 1095680K
  class space    used 6991K, capacity 7371K, committed 7424K, reserved 1048576K
}
Event: 18.876 GC heap before
{Heap before GC invocations=14 (full 2):
 PSYoungGen      total 130048K, used 88989K [0x00000000d5580000, 0x00000000e0800000, 0x0000000100000000)
  eden space 115712K, 64% used [0x00000000d5580000,0x00000000d9e6de80,0x00000000dc680000)
  from space 14336K, 99% used [0x00000000dc680000,0x00000000dd479970,0x00000000dd480000)
  to   space 17408K, 0% used [0x00000000df700000,0x00000000df700000,0x00000000e0800000)
 ParOldGen       total 94720K, used 23590K [0x0000000080000000, 0x0000000085c80000, 0x00000000d5580000)
  object space 94720K, 24% used [0x0000000080000000,0x0000000081709a10,0x0000000085c80000)
 Metaspace       used 57381K, capacity 58848K, committed 58968K, reserved 1099776K
  class space    used 7845K, capacity 8212K, committed 8320K, reserved 1048576K
Event: 18.890 GC heap after
Heap after GC invocations=14 (full 2):
 PSYoungGen      total 164352K, used 14665K [0x00000000d5580000, 0x00000000e0900000, 0x0000000100000000)
  eden space 146944K, 0% used [0x00000000d5580000,0x00000000d5580000,0x00000000de500000)
  from space 17408K, 84% used [0x00000000df700000,0x00000000e05524c0,0x00000000e0800000)
  to   space 18432K, 0% used [0x00000000de500000,0x00000000de500000,0x00000000df700000)
 ParOldGen       total 94720K, used 29023K [0x0000000080000000, 0x0000000085c80000, 0x00000000d5580000)
  object space 94720K, 30% used [0x0000000080000000,0x0000000081c57fd8,0x0000000085c80000)
 Metaspace       used 57381K, capacity 58848K, committed 58968K, reserved 1099776K
  class space    used 7845K, capacity 8212K, committed 8320K, reserved 1048576K
}
Event: 18.890 GC heap before
{Heap before GC invocations=15 (full 3):
 PSYoungGen      total 164352K, used 14665K [0x00000000d5580000, 0x00000000e0900000, 0x0000000100000000)
  eden space 146944K, 0% used [0x00000000d5580000,0x00000000d5580000,0x00000000de500000)
  from space 17408K, 84% used [0x00000000df700000,0x00000000e05524c0,0x00000000e0800000)
  to   space 18432K, 0% used [0x00000000de500000,0x00000000de500000,0x00000000df700000)
 ParOldGen       total 94720K, used 29023K [0x0000000080000000, 0x0000000085c80000, 0x00000000d5580000)
  object space 94720K, 30% used [0x0000000080000000,0x0000000081c57fd8,0x0000000085c80000)
 Metaspace       used 57381K, capacity 58848K, committed 58968K, reserved 1099776K
  class space    used 7845K, capacity 8212K, committed 8320K, reserved 1048576K
Event: 19.058 GC heap after
Heap after GC invocations=15 (full 3):
 PSYoungGen      total 164352K, used 0K [0x00000000d5580000, 0x00000000e0900000, 0x0000000100000000)
  eden space 146944K, 0% used [0x00000000d5580000,0x00000000d5580000,0x00000000de500000)
  from space 17408K, 0% used [0x00000000df700000,0x00000000df700000,0x00000000e0800000)
  to   space 18432K, 0% used [0x00000000de500000,0x00000000de500000,0x00000000df700000)
 ParOldGen       total 141312K, used 35247K [0x0000000080000000, 0x0000000088a00000, 0x00000000d5580000)
  object space 141312K, 24% used [0x0000000080000000,0x000000008226bca8,0x0000000088a00000)
 Metaspace       used 57381K, capacity 58848K, committed 58968K, reserved 1099776K
  class space    used 7845K, capacity 8212K, committed 8320K, reserved 1048576K
}
Event: 351.978 GC heap before
{Heap before GC invocations=16 (full 3):
 PSYoungGen      total 164352K, used 146944K [0x00000000d5580000, 0x00000000e0900000, 0x0000000100000000)
  eden space 146944K, 100% used [0x00000000d5580000,0x00000000de500000,0x00000000de500000)
  from space 17408K, 0% used [0x00000000df700000,0x00000000df700000,0x00000000e0800000)
  to   space 18432K, 0% used [0x00000000de500000,0x00000000de500000,0x00000000df700000)
 ParOldGen       total 141312K, used 35247K [0x0000000080000000, 0x0000000088a00000, 0x00000000d5580000)
  object space 141312K, 24% used [0x0000000080000000,0x000000008226bca8,0x0000000088a00000)
 Metaspace       used 68064K, capacity 70016K, committed 70104K, reserved 1110016K
  class space    used 8981K, capacity 9443K, committed 9472K, reserved 1048576K
Event: 352.090 GC heap after
Heap after GC invocations=16 (full 3):
 PSYoungGen      total 160768K, used 17431K [0x00000000d5580000, 0x00000000e0900000, 0x0000000100000000)
  eden space 142848K, 0% used [0x00000000d5580000,0x00000000d5580000,0x00000000de100000)
  from space 17920K, 97% used [0x00000000de500000,0x00000000df605eb8,0x00000000df680000)
  to   space 18944K, 0% used [0x00000000df680000,0x00000000df680000,0x00000000e0900000)
 ParOldGen       total 141312K, used 35255K [0x0000000080000000, 0x0000000088a00000, 0x00000000d5580000)
  object space 141312K, 24% used [0x0000000080000000,0x000000008226dca8,0x0000000088a00000)
 Metaspace       used 68064K, capacity 70016K, committed 70104K, reserved 1110016K
  class space    used 8981K, capacity 9443K, committed 9472K, reserved 1048576K
}

